<?xml version="1.0" encoding="UTF-8"?>
<coverage generated="1627274636823" clover="3.2.0">
  <project timestamp="1627274636823" name="All files">
    <metrics statements="67" coveredstatements="39" conditionals="6" coveredconditionals="0" methods="14" coveredmethods="7" elements="87" coveredelements="46" complexity="0" loc="67" ncloc="67" packages="4" files="4" classes="4"/>
    <package name="backend">
      <metrics statements="23" coveredstatements="14" conditionals="0" coveredconditionals="0" methods="4" coveredmethods="1"/>
      <file name="server.js" path="/home/gabrielnsd/Documents/UFRN/PES/projeto-PES-ifood/backend/server.js">
        <metrics statements="23" coveredstatements="14" conditionals="0" coveredconditionals="0" methods="4" coveredmethods="1"/>
        <line num="1" count="1" type="stmt"/>
        <line num="2" count="1" type="stmt"/>
        <line num="3" count="1" type="stmt"/>
        <line num="4" count="1" type="stmt"/>
        <line num="5" count="1" type="stmt"/>
        <line num="7" count="1" type="stmt"/>
        <line num="8" count="1" type="stmt"/>
        <line num="9" count="1" type="stmt"/>
        <line num="11" count="1" type="stmt"/>
        <line num="12" count="1" type="stmt"/>
        <line num="15" count="1" type="stmt"/>
        <line num="16" count="0" type="stmt"/>
        <line num="17" count="0" type="stmt"/>
        <line num="18" count="0" type="stmt"/>
        <line num="21" count="1" type="stmt"/>
        <line num="22" count="0" type="stmt"/>
        <line num="23" count="0" type="stmt"/>
        <line num="24" count="0" type="stmt"/>
        <line num="25" count="0" type="stmt"/>
        <line num="28" count="1" type="stmt"/>
        <line num="29" count="0" type="stmt"/>
        <line num="30" count="0" type="stmt"/>
        <line num="33" count="1" type="stmt"/>
      </file>
    </package>
    <package name="backend.cesta">
      <metrics statements="29" coveredstatements="10" conditionals="6" coveredconditionals="0" methods="5" coveredmethods="1"/>
      <file name="cesta.js" path="/home/gabrielnsd/Documents/UFRN/PES/projeto-PES-ifood/backend/cesta/cesta.js">
        <metrics statements="29" coveredstatements="10" conditionals="6" coveredconditionals="0" methods="5" coveredmethods="1"/>
        <line num="11" count="1" type="stmt"/>
        <line num="12" count="1" type="stmt"/>
        <line num="13" count="1" type="stmt"/>
        <line num="17" count="1" type="stmt"/>
        <line num="18" count="1" type="stmt"/>
        <line num="19" count="1" type="stmt"/>
        <line num="23" count="1" type="stmt"/>
        <line num="26" count="1" type="stmt"/>
        <line num="27" count="0" type="stmt"/>
        <line num="31" count="0" type="stmt"/>
        <line num="32" count="0" type="cond" truecount="0" falsecount="2"/>
        <line num="34" count="0" type="stmt"/>
        <line num="39" count="0" type="stmt"/>
        <line num="40" count="0" type="stmt"/>
        <line num="43" count="0" type="stmt"/>
        <line num="47" count="0" type="cond" truecount="0" falsecount="2"/>
        <line num="48" count="0" type="stmt"/>
        <line num="53" count="0" type="stmt"/>
        <line num="56" count="1" type="stmt"/>
        <line num="59" count="0" type="stmt"/>
        <line num="60" count="0" type="stmt"/>
        <line num="61" count="0" type="stmt"/>
        <line num="64" count="0" type="stmt"/>
        <line num="72" count="0" type="stmt"/>
        <line num="74" count="0" type="stmt"/>
        <line num="78" count="0" type="cond" truecount="0" falsecount="2"/>
        <line num="79" count="0" type="stmt"/>
        <line num="80" count="0" type="stmt"/>
        <line num="108" count="1" type="stmt"/>
      </file>
    </package>
    <package name="backend.produtos">
      <metrics statements="11" coveredstatements="11" conditionals="0" coveredconditionals="0" methods="4" coveredmethods="4"/>
      <file name="produtos.js" path="/home/gabrielnsd/Documents/UFRN/PES/projeto-PES-ifood/backend/produtos/produtos.js">
        <metrics statements="11" coveredstatements="11" conditionals="0" coveredconditionals="0" methods="4" coveredmethods="4"/>
        <line num="1" count="1" type="stmt"/>
        <line num="73" count="1" type="stmt"/>
        <line num="75" count="1" type="stmt"/>
        <line num="76" count="6" type="stmt"/>
        <line num="78" count="1" type="stmt"/>
        <line num="81" count="1" type="stmt"/>
        <line num="82" count="1" type="stmt"/>
        <line num="83" count="1" type="stmt"/>
        <line num="84" count="3" type="stmt"/>
        <line num="86" count="1" type="stmt"/>
        <line num="89" count="1" type="stmt"/>
      </file>
    </package>
    <package name="backend.restaurantes">
      <metrics statements="4" coveredstatements="4" conditionals="0" coveredconditionals="0" methods="1" coveredmethods="1"/>
      <file name="restaurantes.js" path="/home/gabrielnsd/Documents/UFRN/PES/projeto-PES-ifood/backend/restaurantes/restaurantes.js">
        <metrics statements="4" coveredstatements="4" conditionals="0" coveredconditionals="0" methods="1" coveredmethods="1"/>
        <line num="1" count="1" type="stmt"/>
        <line num="8" count="1" type="stmt"/>
        <line num="10" count="1" type="stmt"/>
        <line num="13" count="1" type="stmt"/>
      </file>
    </package>
  </project>
</coverage>
