{"/home/gabrielnsd/Documents/UFRN/PES/projeto-PES-ifood/backend/server.js": {"path":"/home/gabrielnsd/Documents/UFRN/PES/projeto-PES-ifood/backend/server.js","statementMap":{"0":{"start":{"line":1,"column":16},"end":{"line":1,"column":34}},"1":{"start":{"line":2,"column":13},"end":{"line":2,"column":28}},"2":{"start":{"line":3,"column":14},"end":{"line":3,"column":38}},"3":{"start":{"line":4,"column":21},"end":{"line":4,"column":59}},"4":{"start":{"line":5,"column":17},"end":{"line":5,"column":47}},"5":{"start":{"line":7,"column":12},"end":{"line":7,"column":21}},"6":{"start":{"line":8,"column":0},"end":{"line":8,"column":24}},"7":{"start":{"line":9,"column":0},"end":{"line":9,"column":16}},"8":{"start":{"line":11,"column":0},"end":{"line":13,"column":3}},"9":{"start":{"line":12,"column":2},"end":{"line":12,"column":41}},"10":{"start":{"line":15,"column":0},"end":{"line":20,"column":3}},"11":{"start":{"line":19,"column":2},"end":{"line":19,"column":33}},"12":{"start":{"line":22,"column":0},"end":{"line":27,"column":3}},"13":{"start":{"line":23,"column":22},"end":{"line":23,"column":32}},"14":{"start":{"line":24,"column":19},"end":{"line":24,"column":42}},"15":{"start":{"line":25,"column":2},"end":{"line":25,"column":24}},"16":{"start":{"line":26,"column":2},"end":{"line":26,"column":28}},"17":{"start":{"line":29,"column":0},"end":{"line":32,"column":3}},"18":{"start":{"line":30,"column":2},"end":{"line":30,"column":24}},"19":{"start":{"line":31,"column":2},"end":{"line":31,"column":29}},"20":{"start":{"line":34,"column":0},"end":{"line":34,"column":21}}},"fnMap":{"0":{"name":"(anonymous_0)","decl":{"start":{"line":11,"column":25},"end":{"line":11,"column":26}},"loc":{"start":{"line":11,"column":39},"end":{"line":13,"column":1}},"line":11},"1":{"name":"(anonymous_1)","decl":{"start":{"line":15,"column":25},"end":{"line":15,"column":26}},"loc":{"start":{"line":15,"column":39},"end":{"line":20,"column":1}},"line":15},"2":{"name":"(anonymous_2)","decl":{"start":{"line":22,"column":27},"end":{"line":22,"column":28}},"loc":{"start":{"line":22,"column":41},"end":{"line":27,"column":1}},"line":22},"3":{"name":"(anonymous_3)","decl":{"start":{"line":29,"column":18},"end":{"line":29,"column":19}},"loc":{"start":{"line":29,"column":32},"end":{"line":32,"column":1}},"line":29}},"branchMap":{},"s":{"0":1,"1":1,"2":1,"3":1,"4":1,"5":1,"6":1,"7":1,"8":1,"9":1,"10":1,"11":2,"12":1,"13":1,"14":1,"15":1,"16":1,"17":1,"18":1,"19":1,"20":1},"f":{"0":1,"1":2,"2":1,"3":1},"b":{},"_coverageSchema":"1a1c01bbd47fc00a2c39e90264f33305004495a9","hash":"f0ddd0e3a9af83bcd5943dccc437408c4c352569"}
,"/home/gabrielnsd/Documents/UFRN/PES/projeto-PES-ifood/backend/cesta/cesta.js": {"path":"/home/gabrielnsd/Documents/UFRN/PES/projeto-PES-ifood/backend/cesta/cesta.js","statementMap":{"0":{"start":{"line":11,"column":11},"end":{"line":11,"column":24}},"1":{"start":{"line":12,"column":12},"end":{"line":12,"column":25}},"2":{"start":{"line":13,"column":16},"end":{"line":13,"column":47}},"3":{"start":{"line":17,"column":4},"end":{"line":17,"column":23}},"4":{"start":{"line":18,"column":4},"end":{"line":18,"column":30}},"5":{"start":{"line":19,"column":4},"end":{"line":19,"column":23}},"6":{"start":{"line":26,"column":17},"end":{"line":54,"column":1}},"7":{"start":{"line":27,"column":19},"end":{"line":27,"column":43}},"8":{"start":{"line":31,"column":2},"end":{"line":36,"column":3}},"9":{"start":{"line":31,"column":15},"end":{"line":31,"column":16}},"10":{"start":{"line":32,"column":4},"end":{"line":35,"column":5}},"11":{"start":{"line":34,"column":6},"end":{"line":34,"column":36}},"12":{"start":{"line":39,"column":2},"end":{"line":39,"column":68}},"13":{"start":{"line":40,"column":2},"end":{"line":40,"column":29}},"14":{"start":{"line":43,"column":2},"end":{"line":51,"column":4}},"15":{"start":{"line":47,"column":6},"end":{"line":49,"column":7}},"16":{"start":{"line":48,"column":8},"end":{"line":48,"column":51}},"17":{"start":{"line":53,"column":2},"end":{"line":53,"column":52}},"18":{"start":{"line":56,"column":19},"end":{"line":80,"column":1}},"19":{"start":{"line":57,"column":50},"end":{"line":57,"column":58}},"20":{"start":{"line":58,"column":15},"end":{"line":58,"column":33}},"21":{"start":{"line":59,"column":18},"end":{"line":59,"column":53}},"22":{"start":{"line":60,"column":2},"end":{"line":64,"column":5}},"23":{"start":{"line":66,"column":17},"end":{"line":66,"column":41}},"24":{"start":{"line":68,"column":2},"end":{"line":77,"column":4}},"25":{"start":{"line":72,"column":6},"end":{"line":75,"column":7}},"26":{"start":{"line":73,"column":8},"end":{"line":73,"column":51}},"27":{"start":{"line":74,"column":8},"end":{"line":74,"column":54}},"28":{"start":{"line":79,"column":2},"end":{"line":79,"column":16}},"29":{"start":{"line":82,"column":0},"end":{"line":86,"column":2}}},"fnMap":{"0":{"name":"(anonymous_0)","decl":{"start":{"line":16,"column":2},"end":{"line":16,"column":3}},"loc":{"start":{"line":16,"column":39},"end":{"line":20,"column":3}},"line":16},"1":{"name":"(anonymous_1)","decl":{"start":{"line":26,"column":17},"end":{"line":26,"column":18}},"loc":{"start":{"line":26,"column":31},"end":{"line":54,"column":1}},"line":26},"2":{"name":"(anonymous_2)","decl":{"start":{"line":46,"column":4},"end":{"line":46,"column":5}},"loc":{"start":{"line":46,"column":13},"end":{"line":50,"column":5}},"line":46},"3":{"name":"(anonymous_3)","decl":{"start":{"line":56,"column":19},"end":{"line":56,"column":20}},"loc":{"start":{"line":56,"column":33},"end":{"line":80,"column":1}},"line":56},"4":{"name":"(anonymous_4)","decl":{"start":{"line":71,"column":4},"end":{"line":71,"column":5}},"loc":{"start":{"line":71,"column":13},"end":{"line":76,"column":5}},"line":71}},"branchMap":{"0":{"loc":{"start":{"line":32,"column":4},"end":{"line":35,"column":5}},"type":"if","locations":[{"start":{"line":32,"column":4},"end":{"line":35,"column":5}},{"start":{"line":32,"column":4},"end":{"line":35,"column":5}}],"line":32},"1":{"loc":{"start":{"line":47,"column":6},"end":{"line":49,"column":7}},"type":"if","locations":[{"start":{"line":47,"column":6},"end":{"line":49,"column":7}},{"start":{"line":47,"column":6},"end":{"line":49,"column":7}}],"line":47},"2":{"loc":{"start":{"line":72,"column":6},"end":{"line":75,"column":7}},"type":"if","locations":[{"start":{"line":72,"column":6},"end":{"line":75,"column":7}},{"start":{"line":72,"column":6},"end":{"line":75,"column":7}}],"line":72}},"s":{"0":1,"1":1,"2":1,"3":0,"4":0,"5":0,"6":1,"7":2,"8":2,"9":2,"10":2,"11":2,"12":0,"13":0,"14":0,"15":0,"16":0,"17":0,"18":1,"19":1,"20":1,"21":1,"22":1,"23":1,"24":1,"25":1,"26":0,"27":0,"28":1,"29":1},"f":{"0":0,"1":2,"2":0,"3":1,"4":1},"b":{"0":[2,0],"1":[0,0],"2":[0,1]},"_coverageSchema":"1a1c01bbd47fc00a2c39e90264f33305004495a9","hash":"fdaf12741bc142b57192a74d188f5d88c1ee9980"}
,"/home/gabrielnsd/Documents/UFRN/PES/projeto-PES-ifood/backend/produtos/produtos.js": {"path":"/home/gabrielnsd/Documents/UFRN/PES/projeto-PES-ifood/backend/produtos/produtos.js","statementMap":{"0":{"start":{"line":1,"column":17},"end":{"line":69,"column":1}},"1":{"start":{"line":73,"column":25},"end":{"line":78,"column":1}},"2":{"start":{"line":75,"column":18},"end":{"line":75,"column":36}},"3":{"start":{"line":76,"column":17},"end":{"line":76,"column":74}},"4":{"start":{"line":76,"column":43},"end":{"line":76,"column":73}},"5":{"start":{"line":77,"column":2},"end":{"line":77,"column":16}},"6":{"start":{"line":80,"column":20},"end":{"line":90,"column":1}},"7":{"start":{"line":81,"column":17},"end":{"line":81,"column":27}},"8":{"start":{"line":83,"column":17},"end":{"line":83,"column":37}},"9":{"start":{"line":85,"column":2},"end":{"line":87,"column":3}},"10":{"start":{"line":86,"column":4},"end":{"line":86,"column":53}},"11":{"start":{"line":89,"column":2},"end":{"line":89,"column":19}},"12":{"start":{"line":92,"column":21},"end":{"line":97,"column":1}},"13":{"start":{"line":93,"column":17},"end":{"line":93,"column":41}},"14":{"start":{"line":94,"column":18},"end":{"line":94,"column":35}},"15":{"start":{"line":95,"column":19},"end":{"line":95,"column":63}},"16":{"start":{"line":95,"column":43},"end":{"line":95,"column":62}},"17":{"start":{"line":96,"column":2},"end":{"line":96,"column":21}},"18":{"start":{"line":99,"column":0},"end":{"line":102,"column":2}}},"fnMap":{"0":{"name":"(anonymous_0)","decl":{"start":{"line":73,"column":25},"end":{"line":73,"column":26}},"loc":{"start":{"line":73,"column":37},"end":{"line":78,"column":1}},"line":73},"1":{"name":"(anonymous_1)","decl":{"start":{"line":76,"column":33},"end":{"line":76,"column":34}},"loc":{"start":{"line":76,"column":43},"end":{"line":76,"column":73}},"line":76},"2":{"name":"(anonymous_2)","decl":{"start":{"line":80,"column":20},"end":{"line":80,"column":21}},"loc":{"start":{"line":80,"column":34},"end":{"line":90,"column":1}},"line":80},"3":{"name":"(anonymous_3)","decl":{"start":{"line":92,"column":21},"end":{"line":92,"column":22}},"loc":{"start":{"line":92,"column":40},"end":{"line":97,"column":1}},"line":92},"4":{"name":"(anonymous_4)","decl":{"start":{"line":95,"column":33},"end":{"line":95,"column":34}},"loc":{"start":{"line":95,"column":43},"end":{"line":95,"column":62}},"line":95}},"branchMap":{"0":{"loc":{"start":{"line":85,"column":2},"end":{"line":87,"column":3}},"type":"if","locations":[{"start":{"line":85,"column":2},"end":{"line":87,"column":3}},{"start":{"line":85,"column":2},"end":{"line":87,"column":3}}],"line":85}},"s":{"0":1,"1":1,"2":4,"3":4,"4":24,"5":4,"6":1,"7":2,"8":2,"9":2,"10":1,"11":2,"12":1,"13":2,"14":2,"15":2,"16":6,"17":2,"18":1},"f":{"0":4,"1":24,"2":2,"3":2,"4":6},"b":{"0":[1,1]},"_coverageSchema":"1a1c01bbd47fc00a2c39e90264f33305004495a9","hash":"6accb1529b28e8ba0c2e15fa1c3430947e4debf3"}
,"/home/gabrielnsd/Documents/UFRN/PES/projeto-PES-ifood/backend/restaurantes/restaurantes.js": {"path":"/home/gabrielnsd/Documents/UFRN/PES/projeto-PES-ifood/backend/restaurantes/restaurantes.js","statementMap":{"0":{"start":{"line":1,"column":24},"end":{"line":6,"column":1}},"1":{"start":{"line":8,"column":24},"end":{"line":11,"column":1}},"2":{"start":{"line":10,"column":2},"end":{"line":10,"column":28}},"3":{"start":{"line":13,"column":0},"end":{"line":15,"column":2}}},"fnMap":{"0":{"name":"(anonymous_0)","decl":{"start":{"line":8,"column":24},"end":{"line":8,"column":25}},"loc":{"start":{"line":8,"column":38},"end":{"line":11,"column":1}},"line":8}},"branchMap":{},"s":{"0":1,"1":1,"2":1,"3":1},"f":{"0":1},"b":{},"_coverageSchema":"1a1c01bbd47fc00a2c39e90264f33305004495a9","hash":"704c315e1bc2d5b3216b098ed332eacf470eccbd"}
}
