TN:
SF:server.js
FN:11,(anonymous_0)
FN:15,(anonymous_1)
FN:22,(anonymous_2)
FN:29,(anonymous_3)
FNF:4
FNH:4
FNDA:1,(anonymous_0)
FNDA:2,(anonymous_1)
FNDA:1,(anonymous_2)
FNDA:1,(anonymous_3)
DA:1,1
DA:2,1
DA:3,1
DA:4,1
DA:5,1
DA:7,1
DA:8,1
DA:9,1
DA:11,1
DA:12,1
DA:15,1
DA:19,2
DA:22,1
DA:23,1
DA:24,1
DA:25,1
DA:26,1
DA:29,1
DA:30,1
DA:31,1
DA:34,1
LF:21
LH:21
BRF:0
BRH:0
end_of_record
TN:
SF:cesta/cesta.js
FN:16,(anonymous_0)
FN:26,(anonymous_1)
FN:46,(anonymous_2)
FN:56,(anonymous_3)
FN:71,(anonymous_4)
FNF:5
FNH:3
FNDA:0,(anonymous_0)
FNDA:2,(anonymous_1)
FNDA:0,(anonymous_2)
FNDA:1,(anonymous_3)
FNDA:1,(anonymous_4)
DA:11,1
DA:12,1
DA:13,1
DA:17,0
DA:18,0
DA:19,0
DA:26,1
DA:27,2
DA:31,2
DA:32,2
DA:34,2
DA:39,0
DA:40,0
DA:43,0
DA:47,0
DA:48,0
DA:53,0
DA:56,1
DA:57,1
DA:58,1
DA:59,1
DA:60,1
DA:66,1
DA:68,1
DA:72,1
DA:73,0
DA:74,0
DA:79,1
DA:82,1
LF:29
LH:18
BRDA:32,0,0,2
BRDA:32,0,1,0
BRDA:47,1,0,0
BRDA:47,1,1,0
BRDA:72,2,0,0
BRDA:72,2,1,1
BRF:6
BRH:2
end_of_record
TN:
SF:produtos/produtos.js
FN:73,(anonymous_0)
FN:76,(anonymous_1)
FN:80,(anonymous_2)
FN:92,(anonymous_3)
FN:95,(anonymous_4)
FNF:5
FNH:5
FNDA:4,(anonymous_0)
FNDA:24,(anonymous_1)
FNDA:2,(anonymous_2)
FNDA:2,(anonymous_3)
FNDA:6,(anonymous_4)
DA:1,1
DA:73,1
DA:75,4
DA:76,24
DA:77,4
DA:80,1
DA:81,2
DA:83,2
DA:85,2
DA:86,1
DA:89,2
DA:92,1
DA:93,2
DA:94,2
DA:95,6
DA:96,2
DA:99,1
LF:17
LH:17
BRDA:85,0,0,1
BRDA:85,0,1,1
BRF:2
BRH:2
end_of_record
TN:
SF:restaurantes/restaurantes.js
FN:8,(anonymous_0)
FNF:1
FNH:1
FNDA:1,(anonymous_0)
DA:1,1
DA:8,1
DA:10,1
DA:13,1
LF:4
LH:4
BRF:0
BRH:0
end_of_record
